<?xml version="1.0" encoding="UTF-8"?>
<testsuite name="com.greetings.sample.GreetingsApplicationTests" tests="1" skipped="0" failures="0" errors="0" timestamp="2019-09-28T14:13:37" hostname="slajanthan-Latitude-3580" time="0.115">
  <properties/>
  <testcase name="contextLoads" classname="com.greetings.sample.GreetingsApplicationTests" time="0.115"/>
  <system-out><![CDATA[19:43:35.922 [Test worker] DEBUG org.springframework.test.context.junit4.SpringJUnit4ClassRunner - SpringJUnit4ClassRunner constructor called with [class com.greetings.sample.GreetingsApplicationTests]
19:43:35.928 [Test worker] DEBUG org.springframework.test.context.BootstrapUtils - Instantiating CacheAwareContextLoaderDelegate from class [org.springframework.test.context.cache.DefaultCacheAwareContextLoaderDelegate]
19:43:35.935 [Test worker] DEBUG org.springframework.test.context.BootstrapUtils - Instantiating BootstrapContext using constructor [public org.springframework.test.context.support.DefaultBootstrapContext(java.lang.Class,org.springframework.test.context.CacheAwareContextLoaderDelegate)]
19:43:35.951 [Test worker] DEBUG org.springframework.test.context.BootstrapUtils - Instantiating TestContextBootstrapper for test class [com.greetings.sample.GreetingsApplicationTests] from class [org.springframework.boot.test.context.SpringBootTestContextBootstrapper]
19:43:35.959 [Test worker] INFO org.springframework.boot.test.context.SpringBootTestContextBootstrapper - Neither @ContextConfiguration nor @ContextHierarchy found for test class [com.greetings.sample.GreetingsApplicationTests], using SpringBootContextLoader
19:43:35.961 [Test worker] DEBUG org.springframework.test.context.support.AbstractContextLoader - Did not detect default resource location for test class [com.greetings.sample.GreetingsApplicationTests]: class path resource [com/greetings/sample/GreetingsApplicationTests-context.xml] does not exist
19:43:35.962 [Test worker] DEBUG org.springframework.test.context.support.AbstractContextLoader - Did not detect default resource location for test class [com.greetings.sample.GreetingsApplicationTests]: class path resource [com/greetings/sample/GreetingsApplicationTestsContext.groovy] does not exist
19:43:35.962 [Test worker] INFO org.springframework.test.context.support.AbstractContextLoader - Could not detect default resource locations for test class [com.greetings.sample.GreetingsApplicationTests]: no resource found for suffixes {-context.xml, Context.groovy}.
19:43:35.963 [Test worker] INFO org.springframework.test.context.support.AnnotationConfigContextLoaderUtils - Could not detect default configuration classes for test class [com.greetings.sample.GreetingsApplicationTests]: GreetingsApplicationTests does not declare any static, non-private, non-final, nested classes annotated with @Configuration.
19:43:35.995 [Test worker] DEBUG org.springframework.test.context.support.ActiveProfilesUtils - Could not find an 'annotation declaring class' for annotation type [org.springframework.test.context.ActiveProfiles] and class [com.greetings.sample.GreetingsApplicationTests]
19:43:36.053 [Test worker] DEBUG org.springframework.context.annotation.ClassPathScanningCandidateComponentProvider - Identified candidate component class: file [/home/sl-ajanthan/blogs/msa-projects/greetings/build/classes/java/main/com/greetings/sample/GreetingsApplication.class]
19:43:36.054 [Test worker] INFO org.springframework.boot.test.context.SpringBootTestContextBootstrapper - Found @SpringBootConfiguration com.greetings.sample.GreetingsApplication for test class com.greetings.sample.GreetingsApplicationTests
19:43:36.120 [Test worker] DEBUG org.springframework.boot.test.context.SpringBootTestContextBootstrapper - @TestExecutionListeners is not present for class [com.greetings.sample.GreetingsApplicationTests]: using defaults.
19:43:36.120 [Test worker] INFO org.springframework.boot.test.context.SpringBootTestContextBootstrapper - Loaded default TestExecutionListener class names from location [META-INF/spring.factories]: [org.springframework.boot.test.autoconfigure.restdocs.RestDocsTestExecutionListener, org.springframework.boot.test.autoconfigure.web.client.MockRestServiceServerResetTestExecutionListener, org.springframework.boot.test.autoconfigure.web.servlet.MockMvcPrintOnlyOnFailureTestExecutionListener, org.springframework.boot.test.autoconfigure.web.servlet.WebDriverTestExecutionListener, org.springframework.boot.test.mock.mockito.MockitoTestExecutionListener, org.springframework.boot.test.mock.mockito.ResetMocksTestExecutionListener, org.springframework.test.context.web.ServletTestExecutionListener, org.springframework.test.context.support.DirtiesContextBeforeModesTestExecutionListener, org.springframework.test.context.support.DependencyInjectionTestExecutionListener, org.springframework.test.context.support.DirtiesContextTestExecutionListener, org.springframework.test.context.transaction.TransactionalTestExecutionListener, org.springframework.test.context.jdbc.SqlScriptsTestExecutionListener]
19:43:36.130 [Test worker] DEBUG org.springframework.boot.test.context.SpringBootTestContextBootstrapper - Skipping candidate TestExecutionListener [org.springframework.test.context.transaction.TransactionalTestExecutionListener] due to a missing dependency. Specify custom listener classes or make the default listener classes and their required dependencies available. Offending class: [org/springframework/transaction/TransactionDefinition]
19:43:36.131 [Test worker] DEBUG org.springframework.boot.test.context.SpringBootTestContextBootstrapper - Skipping candidate TestExecutionListener [org.springframework.test.context.jdbc.SqlScriptsTestExecutionListener] due to a missing dependency. Specify custom listener classes or make the default listener classes and their required dependencies available. Offending class: [org/springframework/transaction/interceptor/TransactionAttribute]
19:43:36.131 [Test worker] INFO org.springframework.boot.test.context.SpringBootTestContextBootstrapper - Using TestExecutionListeners: [org.springframework.test.context.web.ServletTestExecutionListener@3aa2a230, org.springframework.test.context.support.DirtiesContextBeforeModesTestExecutionListener@39d54cb2, org.springframework.boot.test.mock.mockito.MockitoTestExecutionListener@7b70936f, org.springframework.boot.test.autoconfigure.SpringBootDependencyInjectionTestExecutionListener@37372ce5, org.springframework.test.context.support.DirtiesContextTestExecutionListener@18abbb11, org.springframework.boot.test.autoconfigure.restdocs.RestDocsTestExecutionListener@b88d46a, org.springframework.boot.test.autoconfigure.web.client.MockRestServiceServerResetTestExecutionListener@749cc59f, org.springframework.boot.test.autoconfigure.web.servlet.MockMvcPrintOnlyOnFailureTestExecutionListener@7a429fed, org.springframework.boot.test.autoconfigure.web.servlet.WebDriverTestExecutionListener@3f74c087, org.springframework.boot.test.mock.mockito.ResetMocksTestExecutionListener@72927887]
19:43:36.134 [Test worker] DEBUG org.springframework.test.annotation.ProfileValueUtils - Retrieved @ProfileValueSourceConfiguration [null] for test class [com.greetings.sample.GreetingsApplicationTests]
19:43:36.134 [Test worker] DEBUG org.springframework.test.annotation.ProfileValueUtils - Retrieved ProfileValueSource type [class org.springframework.test.annotation.SystemProfileValueSource] for class [com.greetings.sample.GreetingsApplicationTests]
19:43:36.135 [Test worker] DEBUG org.springframework.test.annotation.ProfileValueUtils - Retrieved @ProfileValueSourceConfiguration [null] for test class [com.greetings.sample.GreetingsApplicationTests]
19:43:36.135 [Test worker] DEBUG org.springframework.test.annotation.ProfileValueUtils - Retrieved ProfileValueSource type [class org.springframework.test.annotation.SystemProfileValueSource] for class [com.greetings.sample.GreetingsApplicationTests]
19:43:36.139 [Test worker] DEBUG org.springframework.test.context.support.AbstractDirtiesContextTestExecutionListener - Before test class: context [DefaultTestContext@114f837e testClass = GreetingsApplicationTests, testInstance = [null], testMethod = [null], testException = [null], mergedContextConfiguration = [WebMergedContextConfiguration@113fedea testClass = GreetingsApplicationTests, locations = '{}', classes = '{class com.greetings.sample.GreetingsApplication}', contextInitializerClasses = '[]', activeProfiles = '{}', propertySourceLocations = '{}', propertySourceProperties = '{org.springframework.boot.test.context.SpringBootTestContextBootstrapper=true}', contextCustomizers = set[org.springframework.boot.test.autoconfigure.properties.PropertyMappingContextCustomizer@0, org.springframework.boot.test.autoconfigure.web.servlet.WebDriverContextCustomizerFactory$Customizer@451f9fe2, org.springframework.boot.test.context.filter.ExcludeFilterContextCustomizer@734652fa, org.springframework.boot.test.json.DuplicateJsonObjectContextCustomizerFactory$DuplicateJsonObjectContextCustomizer@2489c640, org.springframework.boot.test.mock.mockito.MockitoContextCustomizer@0, org.springframework.boot.test.web.client.TestRestTemplateContextCustomizer@3ca5b5c3], resourceBasePath = 'src/main/webapp', contextLoader = 'org.springframework.boot.test.context.SpringBootContextLoader', parent = [null]], attributes = map['org.springframework.test.context.web.ServletTestExecutionListener.activateListener' -> true]], class annotated with @DirtiesContext [false] with mode [null].
19:43:36.140 [Test worker] DEBUG org.springframework.test.annotation.ProfileValueUtils - Retrieved @ProfileValueSourceConfiguration [null] for test class [com.greetings.sample.GreetingsApplicationTests]
19:43:36.140 [Test worker] DEBUG org.springframework.test.annotation.ProfileValueUtils - Retrieved ProfileValueSource type [class org.springframework.test.annotation.SystemProfileValueSource] for class [com.greetings.sample.GreetingsApplicationTests]
19:43:36.152 [Test worker] DEBUG org.springframework.test.context.support.TestPropertySourceUtils - Adding inlined properties to environment: {spring.jmx.enabled=false, org.springframework.boot.test.context.SpringBootTestContextBootstrapper=true, server.port=-1}

  .   ____          _            __ _ _
 /\\ / ___'_ __ _ _(_)_ __  __ _ \ \ \ \
( ( )\___ | '_ | '_| | '_ \/ _` | \ \ \ \
 \\/  ___)| |_)| | | | | || (_| |  ) ) ) )
  '  |____| .__|_| |_|_| |_\__, | / / / /
 =========|_|==============|___/=/_/_/_/
 :: Spring Boot ::        (v2.1.6.RELEASE)

2019-09-28 19:43:36.335  INFO 28917 --- [    Test worker] c.g.sample.GreetingsApplicationTests     : Starting GreetingsApplicationTests on slajanthan-Latitude-3580 with PID 28917 (started by sl-ajanthan in /home/sl-ajanthan/blogs/msa-projects/greetings)
2019-09-28 19:43:36.336  INFO 28917 --- [    Test worker] c.g.sample.GreetingsApplicationTests     : No active profile set, falling back to default profiles: default
2019-09-28 19:43:37.666  INFO 28917 --- [    Test worker] o.s.s.concurrent.ThreadPoolTaskExecutor  : Initializing ExecutorService 'applicationTaskExecutor'
2019-09-28 19:43:37.894  INFO 28917 --- [    Test worker] c.g.sample.GreetingsApplicationTests     : Started GreetingsApplicationTests in 1.736 seconds (JVM running for 2.389)
]]></system-out>
  <system-err><![CDATA[]]></system-err>
</testsuite>
